Jul 20 2023 15:55:42
{"type":8192,"message":"Using ${var} in strings is deprecated, use {$var} instead","file":"C:\\xampp\\htdocs\\Github_dindy\\Dindy1\\wp-content\\plugins\\simply-static\\src\\class-ss-query.php","line":397}

Jul 20 2023 15:55:42
{"type":8192,"message":"Using ${var} in strings is deprecated, use {$var} instead","file":"C:\\xampp\\htdocs\\Github_dindy\\Dindy1\\wp-content\\plugins\\simply-static\\src\\class-ss-query.php","line":397}

Jul 20 2023 15:55:43
{"type":8192,"message":"Using ${var} in strings is deprecated, use {$var} instead","file":"C:\\xampp\\htdocs\\Github_dindy\\Dindy1\\wp-content\\plugins\\simply-static\\src\\class-ss-query.php","line":397}

Jul 20 2023 15:55:43
{"type":8192,"message":"Using ${var} in strings is deprecated, use {$var} instead","file":"C:\\xampp\\htdocs\\Github_dindy\\Dindy1\\wp-content\\plugins\\simply-static\\src\\class-ss-query.php","line":397}

Jul 20 2023 15:55:44
{"type":8192,"message":"Using ${var} in strings is deprecated, use {$var} instead","file":"C:\\xampp\\htdocs\\Github_dindy\\Dindy1\\wp-content\\plugins\\simply-static\\src\\class-ss-query.php","line":397}

Jul 20 2023 15:55:44
{"type":8192,"message":"Using ${var} in strings is deprecated, use {$var} instead","file":"C:\\xampp\\htdocs\\Github_dindy\\Dindy1\\wp-content\\plugins\\simply-static\\src\\class-ss-query.php","line":397}

Jul 20 2023 15:55:45
{"type":8192,"message":"Using ${var} in strings is deprecated, use {$var} instead","file":"C:\\xampp\\htdocs\\Github_dindy\\Dindy1\\wp-content\\plugins\\simply-static\\src\\class-ss-query.php","line":397}

Jul 20 2023 15:55:45
{"type":8192,"message":"Using ${var} in strings is deprecated, use {$var} instead","file":"C:\\xampp\\htdocs\\Github_dindy\\Dindy1\\wp-content\\plugins\\simply-static\\src\\class-ss-query.php","line":397}

Jul 20 2023 15:55:45
{"type":8192,"message":"Using ${var} in strings is deprecated, use {$var} instead","file":"C:\\xampp\\htdocs\\Github_dindy\\Dindy1\\wp-content\\plugins\\simply-static\\src\\class-ss-query.php","line":397}

Jul 20 2023 15:55:46
{"type":8192,"message":"Using ${var} in strings is deprecated, use {$var} instead","file":"C:\\xampp\\htdocs\\Github_dindy\\Dindy1\\wp-content\\plugins\\simply-static\\src\\class-ss-query.php","line":397}

Jul 20 2023 15:55:46
{"type":8192,"message":"Using ${var} in strings is deprecated, use {$var} instead","file":"C:\\xampp\\htdocs\\Github_dindy\\Dindy1\\wp-content\\plugins\\simply-static\\src\\class-ss-query.php","line":397}

Jul 20 2023 15:55:47
{"type":8192,"message":"Using ${var} in strings is deprecated, use {$var} instead","file":"C:\\xampp\\htdocs\\Github_dindy\\Dindy1\\wp-content\\plugins\\simply-static\\src\\class-ss-query.php","line":397}

Jul 20 2023 15:55:47
{"type":8192,"message":"Using ${var} in strings is deprecated, use {$var} instead","file":"C:\\xampp\\htdocs\\Github_dindy\\Dindy1\\wp-content\\plugins\\simply-static\\src\\class-ss-query.php","line":397}

Jul 20 2023 15:55:48
{"type":8192,"message":"Using ${var} in strings is deprecated, use {$var} instead","file":"C:\\xampp\\htdocs\\Github_dindy\\Dindy1\\wp-content\\plugins\\simply-static\\src\\class-ss-query.php","line":397}

Jul 20 2023 15:55:48
{"type":8192,"message":"Using ${var} in strings is deprecated, use {$var} instead","file":"C:\\xampp\\htdocs\\Github_dindy\\Dindy1\\wp-content\\plugins\\simply-static\\src\\class-ss-query.php","line":397}

Jul 20 2023 15:55:48
{"type":8192,"message":"Using ${var} in strings is deprecated, use {$var} instead","file":"C:\\xampp\\htdocs\\Github_dindy\\Dindy1\\wp-content\\plugins\\simply-static\\src\\class-ss-query.php","line":397}

Jul 20 2023 15:55:49
{"type":8192,"message":"Using ${var} in strings is deprecated, use {$var} instead","file":"C:\\xampp\\htdocs\\Github_dindy\\Dindy1\\wp-content\\plugins\\simply-static\\src\\class-ss-query.php","line":397}

Jul 20 2023 15:55:49
{"type":8192,"message":"Using ${var} in strings is deprecated, use {$var} instead","file":"C:\\xampp\\htdocs\\Github_dindy\\Dindy1\\wp-content\\plugins\\simply-static\\src\\class-ss-query.php","line":397}

Jul 20 2023 15:55:50
{"type":8192,"message":"Using ${var} in strings is deprecated, use {$var} instead","file":"C:\\xampp\\htdocs\\Github_dindy\\Dindy1\\wp-content\\plugins\\simply-static\\src\\class-ss-query.php","line":397}

Jul 20 2023 15:55:50
{"type":8192,"message":"Using ${var} in strings is deprecated, use {$var} instead","file":"C:\\xampp\\htdocs\\Github_dindy\\Dindy1\\wp-content\\plugins\\simply-static\\src\\class-ss-query.php","line":397}

Jul 20 2023 15:55:51
{"type":8192,"message":"Using ${var} in strings is deprecated, use {$var} instead","file":"C:\\xampp\\htdocs\\Github_dindy\\Dindy1\\wp-content\\plugins\\simply-static\\src\\class-ss-query.php","line":397}

Jul 20 2023 15:55:51
{"type":8192,"message":"Using ${var} in strings is deprecated, use {$var} instead","file":"C:\\xampp\\htdocs\\Github_dindy\\Dindy1\\wp-content\\plugins\\simply-static\\src\\class-ss-query.php","line":397}

Jul 20 2023 15:55:52
{"type":8192,"message":"Using ${var} in strings is deprecated, use {$var} instead","file":"C:\\xampp\\htdocs\\Github_dindy\\Dindy1\\wp-content\\plugins\\simply-static\\src\\class-ss-query.php","line":397}

Jul 20 2023 15:55:52
{"type":8192,"message":"Using ${var} in strings is deprecated, use {$var} instead","file":"C:\\xampp\\htdocs\\Github_dindy\\Dindy1\\wp-content\\plugins\\simply-static\\src\\class-ss-query.php","line":397}

Jul 20 2023 15:55:52
{"type":8192,"message":"Using ${var} in strings is deprecated, use {$var} instead","file":"C:\\xampp\\htdocs\\Github_dindy\\Dindy1\\wp-content\\plugins\\simply-static\\src\\class-ss-query.php","line":397}

Jul 20 2023 15:55:53
{"type":8192,"message":"Using ${var} in strings is deprecated, use {$var} instead","file":"C:\\xampp\\htdocs\\Github_dindy\\Dindy1\\wp-content\\plugins\\simply-static\\src\\class-ss-query.php","line":397}

Jul 20 2023 15:55:53
{"type":8192,"message":"Using ${var} in strings is deprecated, use {$var} instead","file":"C:\\xampp\\htdocs\\Github_dindy\\Dindy1\\wp-content\\plugins\\simply-static\\src\\class-ss-query.php","line":397}

Jul 20 2023 15:55:54
{"type":8192,"message":"Using ${var} in strings is deprecated, use {$var} instead","file":"C:\\xampp\\htdocs\\Github_dindy\\Dindy1\\wp-content\\plugins\\simply-static\\src\\class-ss-query.php","line":397}

Jul 20 2023 15:55:54
{"type":8192,"message":"Using ${var} in strings is deprecated, use {$var} instead","file":"C:\\xampp\\htdocs\\Github_dindy\\Dindy1\\wp-content\\plugins\\simply-static\\src\\class-ss-query.php","line":397}

Jul 20 2023 15:55:55
{"type":8192,"message":"Using ${var} in strings is deprecated, use {$var} instead","file":"C:\\xampp\\htdocs\\Github_dindy\\Dindy1\\wp-content\\plugins\\simply-static\\src\\class-ss-query.php","line":397}

Jul 20 2023 15:55:55
{"type":8192,"message":"Using ${var} in strings is deprecated, use {$var} instead","file":"C:\\xampp\\htdocs\\Github_dindy\\Dindy1\\wp-content\\plugins\\simply-static\\src\\class-ss-query.php","line":397}

Jul 20 2023 15:55:56
{"type":8192,"message":"Using ${var} in strings is deprecated, use {$var} instead","file":"C:\\xampp\\htdocs\\Github_dindy\\Dindy1\\wp-content\\plugins\\simply-static\\src\\class-ss-query.php","line":397}

Jul 20 2023 15:55:56
{"type":8192,"message":"Using ${var} in strings is deprecated, use {$var} instead","file":"C:\\xampp\\htdocs\\Github_dindy\\Dindy1\\wp-content\\plugins\\simply-static\\src\\class-ss-query.php","line":397}

Jul 20 2023 15:55:56
{"type":8192,"message":"Using ${var} in strings is deprecated, use {$var} instead","file":"C:\\xampp\\htdocs\\Github_dindy\\Dindy1\\wp-content\\plugins\\simply-static\\src\\class-ss-query.php","line":397}

Jul 20 2023 15:55:57
{"type":8192,"message":"Using ${var} in strings is deprecated, use {$var} instead","file":"C:\\xampp\\htdocs\\Github_dindy\\Dindy1\\wp-content\\plugins\\simply-static\\src\\class-ss-query.php","line":397}

Jul 20 2023 15:55:57
{"type":8192,"message":"Using ${var} in strings is deprecated, use {$var} instead","file":"C:\\xampp\\htdocs\\Github_dindy\\Dindy1\\wp-content\\plugins\\simply-static\\src\\class-ss-query.php","line":397}

Jul 20 2023 15:55:58
{"type":8192,"message":"Using ${var} in strings is deprecated, use {$var} instead","file":"C:\\xampp\\htdocs\\Github_dindy\\Dindy1\\wp-content\\plugins\\simply-static\\src\\class-ss-query.php","line":397}

Jul 20 2023 15:55:58
{"type":8192,"message":"Using ${var} in strings is deprecated, use {$var} instead","file":"C:\\xampp\\htdocs\\Github_dindy\\Dindy1\\wp-content\\plugins\\simply-static\\src\\class-ss-query.php","line":397}

Jul 20 2023 15:55:59
{"type":8192,"message":"Using ${var} in strings is deprecated, use {$var} instead","file":"C:\\xampp\\htdocs\\Github_dindy\\Dindy1\\wp-content\\plugins\\simply-static\\src\\class-ss-query.php","line":397}

Jul 20 2023 15:55:59
{"type":8192,"message":"Using ${var} in strings is deprecated, use {$var} instead","file":"C:\\xampp\\htdocs\\Github_dindy\\Dindy1\\wp-content\\plugins\\simply-static\\src\\class-ss-query.php","line":397}

Jul 20 2023 15:56:00
{"type":8192,"message":"Using ${var} in strings is deprecated, use {$var} instead","file":"C:\\xampp\\htdocs\\Github_dindy\\Dindy1\\wp-content\\plugins\\simply-static\\src\\class-ss-query.php","line":397}

Jul 20 2023 15:56:00
{"type":8192,"message":"Using ${var} in strings is deprecated, use {$var} instead","file":"C:\\xampp\\htdocs\\Github_dindy\\Dindy1\\wp-content\\plugins\\simply-static\\src\\class-ss-query.php","line":397}

Jul 20 2023 15:56:00
{"type":8192,"message":"Using ${var} in strings is deprecated, use {$var} instead","file":"C:\\xampp\\htdocs\\Github_dindy\\Dindy1\\wp-content\\plugins\\simply-static\\src\\class-ss-query.php","line":397}

Jul 20 2023 15:56:01
{"type":8192,"message":"Using ${var} in strings is deprecated, use {$var} instead","file":"C:\\xampp\\htdocs\\Github_dindy\\Dindy1\\wp-content\\plugins\\simply-static\\src\\class-ss-query.php","line":397}

Jul 20 2023 15:56:01
{"type":8192,"message":"Using ${var} in strings is deprecated, use {$var} instead","file":"C:\\xampp\\htdocs\\Github_dindy\\Dindy1\\wp-content\\plugins\\simply-static\\src\\class-ss-query.php","line":397}

Jul 20 2023 15:56:02
{"type":8192,"message":"Using ${var} in strings is deprecated, use {$var} instead","file":"C:\\xampp\\htdocs\\Github_dindy\\Dindy1\\wp-content\\plugins\\simply-static\\src\\class-ss-query.php","line":397}

Jul 20 2023 15:56:02
{"type":8192,"message":"Using ${var} in strings is deprecated, use {$var} instead","file":"C:\\xampp\\htdocs\\Github_dindy\\Dindy1\\wp-content\\plugins\\simply-static\\src\\class-ss-query.php","line":397}

Jul 20 2023 15:56:03
{"type":8192,"message":"Using ${var} in strings is deprecated, use {$var} instead","file":"C:\\xampp\\htdocs\\Github_dindy\\Dindy1\\wp-content\\plugins\\simply-static\\src\\class-ss-query.php","line":397}

Jul 20 2023 15:56:03
{"type":8192,"message":"Using ${var} in strings is deprecated, use {$var} instead","file":"C:\\xampp\\htdocs\\Github_dindy\\Dindy1\\wp-content\\plugins\\simply-static\\src\\class-ss-query.php","line":397}

Jul 20 2023 15:56:04
{"type":8192,"message":"Using ${var} in strings is deprecated, use {$var} instead","file":"C:\\xampp\\htdocs\\Github_dindy\\Dindy1\\wp-content\\plugins\\simply-static\\src\\class-ss-query.php","line":397}

Jul 20 2023 15:56:04
{"type":8192,"message":"Using ${var} in strings is deprecated, use {$var} instead","file":"C:\\xampp\\htdocs\\Github_dindy\\Dindy1\\wp-content\\plugins\\simply-static\\src\\class-ss-query.php","line":397}

Jul 20 2023 15:56:04
{"type":8192,"message":"Using ${var} in strings is deprecated, use {$var} instead","file":"C:\\xampp\\htdocs\\Github_dindy\\Dindy1\\wp-content\\plugins\\simply-static\\src\\class-ss-query.php","line":397}

Jul 20 2023 15:56:05
{"type":8192,"message":"Using ${var} in strings is deprecated, use {$var} instead","file":"C:\\xampp\\htdocs\\Github_dindy\\Dindy1\\wp-content\\plugins\\simply-static\\src\\class-ss-query.php","line":397}

Jul 20 2023 15:56:05
{"type":8192,"message":"Using ${var} in strings is deprecated, use {$var} instead","file":"C:\\xampp\\htdocs\\Github_dindy\\Dindy1\\wp-content\\plugins\\simply-static\\src\\class-ss-query.php","line":397}

Jul 20 2023 15:56:06
{"type":8192,"message":"Using ${var} in strings is deprecated, use {$var} instead","file":"C:\\xampp\\htdocs\\Github_dindy\\Dindy1\\wp-content\\plugins\\simply-static\\src\\class-ss-query.php","line":397}

Jul 20 2023 15:56:06
{"type":8192,"message":"Using ${var} in strings is deprecated, use {$var} instead","file":"C:\\xampp\\htdocs\\Github_dindy\\Dindy1\\wp-content\\plugins\\simply-static\\src\\class-ss-query.php","line":397}

Jul 20 2023 15:56:07
{"type":8192,"message":"Using ${var} in strings is deprecated, use {$var} instead","file":"C:\\xampp\\htdocs\\Github_dindy\\Dindy1\\wp-content\\plugins\\simply-static\\src\\class-ss-query.php","line":397}

Jul 20 2023 15:56:07
{"type":8192,"message":"Using ${var} in strings is deprecated, use {$var} instead","file":"C:\\xampp\\htdocs\\Github_dindy\\Dindy1\\wp-content\\plugins\\simply-static\\src\\class-ss-query.php","line":397}

Jul 20 2023 15:56:08
{"type":8192,"message":"Using ${var} in strings is deprecated, use {$var} instead","file":"C:\\xampp\\htdocs\\Github_dindy\\Dindy1\\wp-content\\plugins\\simply-static\\src\\class-ss-query.php","line":397}

Jul 20 2023 15:56:08
{"type":8192,"message":"Using ${var} in strings is deprecated, use {$var} instead","file":"C:\\xampp\\htdocs\\Github_dindy\\Dindy1\\wp-content\\plugins\\simply-static\\src\\class-ss-query.php","line":397}

Jul 20 2023 15:56:09
{"type":8192,"message":"Using ${var} in strings is deprecated, use {$var} instead","file":"C:\\xampp\\htdocs\\Github_dindy\\Dindy1\\wp-content\\plugins\\simply-static\\src\\class-ss-query.php","line":397}

Jul 20 2023 15:56:09
{"type":8192,"message":"Using ${var} in strings is deprecated, use {$var} instead","file":"C:\\xampp\\htdocs\\Github_dindy\\Dindy1\\wp-content\\plugins\\simply-static\\src\\class-ss-query.php","line":397}

Jul 20 2023 15:56:09
{"type":8192,"message":"Using ${var} in strings is deprecated, use {$var} instead","file":"C:\\xampp\\htdocs\\Github_dindy\\Dindy1\\wp-content\\plugins\\simply-static\\src\\class-ss-query.php","line":397}

Jul 20 2023 15:56:14
{"type":8192,"message":"Using ${var} in strings is deprecated, use {$var} instead","file":"C:\\xampp\\htdocs\\Github_dindy\\Dindy1\\wp-content\\plugins\\simply-static\\src\\class-ss-query.php","line":397}

Jul 20 2023 15:56:14
{"type":8192,"message":"Using ${var} in strings is deprecated, use {$var} instead","file":"C:\\xampp\\htdocs\\Github_dindy\\Dindy1\\wp-content\\plugins\\simply-static\\src\\class-ss-query.php","line":397}

Jul 20 2023 15:56:24
{"type":8192,"message":"Using ${var} in strings is deprecated, use {$var} instead","file":"C:\\xampp\\htdocs\\Github_dindy\\Dindy1\\wp-content\\plugins\\simply-static\\src\\class-ss-query.php","line":397}

Jul 20 2023 15:56:35
{"type":8192,"message":"Using ${var} in strings is deprecated, use {$var} instead","file":"C:\\xampp\\htdocs\\Github_dindy\\Dindy1\\wp-content\\plugins\\simply-static\\src\\class-ss-query.php","line":397}

Jul 20 2023 15:56:38
{"type":8192,"message":"Using ${var} in strings is deprecated, use {$var} instead","file":"C:\\xampp\\htdocs\\Github_dindy\\Dindy1\\wp-content\\plugins\\simply-static\\src\\class-ss-query.php","line":397}

Jul 20 2023 15:56:39
{"type":8192,"message":"Using ${var} in strings is deprecated, use {$var} instead","file":"C:\\xampp\\htdocs\\Github_dindy\\Dindy1\\wp-content\\plugins\\simply-static\\src\\class-ss-query.php","line":397}

Jul 20 2023 15:56:40
{"Number":8192,"Message":"Creation of dynamic property Ai1wm_Database_Mysqli::$old_replace_raw_values is deprecated","File":"C:\\xampp\\htdocs\\Github_dindy\\Dindy1\\wp-content\\plugins\\all-in-one-wp-migration\\lib\\vendor\\servmask\\database\\class-ai1wm-database.php","Line":300}

Jul 20 2023 15:56:40
{"Number":8192,"Message":"Creation of dynamic property Ai1wm_Database_Mysqli::$new_replace_raw_values is deprecated","File":"C:\\xampp\\htdocs\\Github_dindy\\Dindy1\\wp-content\\plugins\\all-in-one-wp-migration\\lib\\vendor\\servmask\\database\\class-ai1wm-database.php","Line":321}

Jul 20 2023 15:56:44
{"type":8192,"message":"Using ${var} in strings is deprecated, use {$var} instead","file":"C:\\xampp\\htdocs\\Github_dindy\\Dindy1\\wp-content\\plugins\\simply-static\\src\\class-ss-query.php","line":397}

Jul 20 2023 15:56:44
{"type":8192,"message":"Return type of Ai1wm_Recursive_Newline_Filter::accept() should either be compatible with FilterIterator::accept(): bool, or the #[\\ReturnTypeWillChange] attribute should be used to temporarily suppress the notice","file":"C:\\xampp\\htdocs\\Github_dindy\\Dindy1\\wp-content\\plugins\\all-in-one-wp-migration\\lib\\vendor\\servmask\\filter\\class-ai1wm-recursive-newline-filter.php","line":28}

Jul 20 2023 15:56:48
{"Number":8192,"Message":"DateTime::__construct(): Passing null to parameter #1 ($datetime) of type string is deprecated","File":"C:\\xampp\\htdocs\\Github_dindy\\Dindy1\\wp-content\\plugins\\wpforms\\vendor\\woocommerce\\action-scheduler\\functions.php","Line":272}

Jul 20 2023 15:56:48
{"type":8192,"message":"Return type of ActionScheduler_DateTime::getTimestamp() should either be compatible with DateTime::getTimestamp(): int, or the #[\\ReturnTypeWillChange] attribute should be used to temporarily suppress the notice","file":"C:\\xampp\\htdocs\\Github_dindy\\Dindy1\\wp-content\\plugins\\wpforms\\vendor\\woocommerce\\action-scheduler\\classes\\ActionScheduler_DateTime.php","line":27}

